<?xml version="1.0" encoding="utf-8"?>
<!DOCTYPE hibernate-configuration PUBLIC
    "-//Hibernate/Hibernate Configuration DTD 3.0//EN"
    "http://hibernate.sourceforge.net/hibernate-configuration-3.0.dtd">
 
<hibernate-configuration>
    <session-factory>
        <mapping resource="Symptom.hbm.xml" />
        <mapping resource="Question.hbm.xml" />
        <mapping resource="Answer.hbm.xml" />
        <mapping resource="BillableService.hbm.xml" />
        <mapping resource="OpdTestOrder.hbm.xml" />
        <mapping resource="InventoryDrug.hbm.xml" />
        <mapping resource="InventoryDrugCategory.hbm.xml" />
        <mapping resource="InventoryDrugUnit.hbm.xml" />
        <mapping resource="InventoryDrugFormulation.hbm.xml" />
        <mapping resource="OpdDrugOrder.hbm.xml" />
        <mapping resource="OpdPatientQueue.hbm.xml" />
        <mapping resource="TriagePatientData.hbm.xml" />
        <mapping resource="TriagePatientQueueLog.hbm.xml" />
        <mapping resource="Lab.hbm.xml" />
        <mapping resource="LabTest.hbm.xml" />
        <mapping resource="Examination.hbm.xml" />
    </session-factory>
</hibernate-configuration>
